== Fri Jul 25 05:15:01 PM IDT 2025: Cron job started ==
Fri Jul 25 05:15:01 PM IDT 2025: Checking apache2...
Fri Jul 25 05:15:01 PM IDT 2025: apache2 OK 
Fri Jul 25 05:15:01 PM IDT 2025: Checking docker...
Fri Jul 25 05:15:01 PM IDT 2025: docker OK 
Fri Jul 25 05:15:01 PM IDT 2025: Checking cron...
Fri Jul 25 05:15:01 PM IDT 2025: cron OK 
Fri Jul 25 05:15:01 PM IDT 2025: Checking cups...
Fri Jul 25 05:15:01 PM IDT 2025: cups OK 
Fri Jul 25 05:15:01 PM IDT 2025: Checking rsyslog...
Fri Jul 25 05:15:01 PM IDT 2025: rsyslog OK 
== Fri Jul 25 05:15:01 PM IDT 2025: Cron job finished ==
== Sat Jul 26 10:15:01 AM IDT 2025: Cron job started ==
Sat Jul 26 10:15:01 AM IDT 2025: Checking apache2...
Sat Jul 26 10:15:01 AM IDT 2025: apache2 OK 
Sat Jul 26 10:15:01 AM IDT 2025: Checking docker...
Sat Jul 26 10:15:01 AM IDT 2025: docker OK 
Sat Jul 26 10:15:01 AM IDT 2025: Checking cron...
Sat Jul 26 10:15:01 AM IDT 2025: cron OK 
Sat Jul 26 10:15:01 AM IDT 2025: Checking cups...
Sat Jul 26 10:15:01 AM IDT 2025: cups OK 
Sat Jul 26 10:15:01 AM IDT 2025: Checking rsyslog...
Sat Jul 26 10:15:01 AM IDT 2025: rsyslog OK 
== Sat Jul 26 10:15:01 AM IDT 2025: Cron job finished ==
== Sat Jul 26 10:30:01 AM IDT 2025: Cron job started ==
Sat Jul 26 10:30:01 AM IDT 2025: Checking apache2...
Sat Jul 26 10:30:01 AM IDT 2025: apache2 OK 
Sat Jul 26 10:30:01 AM IDT 2025: Checking docker...
Sat Jul 26 10:30:01 AM IDT 2025: docker OK 
Sat Jul 26 10:30:01 AM IDT 2025: Checking cron...
Sat Jul 26 10:30:01 AM IDT 2025: cron OK 
Sat Jul 26 10:30:01 AM IDT 2025: Checking cups...
Sat Jul 26 10:30:01 AM IDT 2025: cups OK 
Sat Jul 26 10:30:01 AM IDT 2025: Checking rsyslog...
Sat Jul 26 10:30:01 AM IDT 2025: rsyslog OK 
== Sat Jul 26 10:30:01 AM IDT 2025: Cron job finished ==
== Sat Jul 26 10:45:01 AM IDT 2025: Cron job started ==
Sat Jul 26 10:45:01 AM IDT 2025: Checking apache2...
Sat Jul 26 10:45:01 AM IDT 2025: apache2 OK 
Sat Jul 26 10:45:01 AM IDT 2025: Checking docker...
Sat Jul 26 10:45:01 AM IDT 2025: docker OK 
Sat Jul 26 10:45:01 AM IDT 2025: Checking cron...
Sat Jul 26 10:45:01 AM IDT 2025: cron OK 
Sat Jul 26 10:45:01 AM IDT 2025: Checking cups...
Sat Jul 26 10:45:01 AM IDT 2025: cups OK 
Sat Jul 26 10:45:01 AM IDT 2025: Checking rsyslog...
Sat Jul 26 10:45:01 AM IDT 2025: rsyslog OK 
== Sat Jul 26 10:45:01 AM IDT 2025: Cron job finished ==
